This is pdfTeX, Version 3.14159265-2.6-1.40.18 (MiKTeX 2.9.6350 64-bit) (preloaded format=pdflatex 2017.10.2)  2 OCT 2017 20:34
entering extended mode
**./Proposal.tex
(Proposal.tex
LaTeX2e <2017-04-15>
Babel <3.10> and hyphenation patterns for 75 language(s) loaded.

("C:\ProgramData\Microsoft\Windows\Start Menu\Programs\MikTex2.9\tex\latex\base
\article.cls"
Document Class: article 2014/09/29 v1.4h Standard LaTeX document class

("C:\ProgramData\Microsoft\Windows\Start Menu\Programs\MikTex2.9\tex\latex\base
\size10.clo"
File: size10.clo 2014/09/29 v1.4h Standard LaTeX file (size option)
)
\c@part=\count79
\c@section=\count80
\c@subsection=\count81
\c@subsubsection=\count82
\c@paragraph=\count83
\c@subparagraph=\count84
\c@figure=\count85
\c@table=\count86
\abovecaptionskip=\skip41
\belowcaptionskip=\skip42
\bibindent=\dimen102
) (Proposal.aux)
\openout1 = `Proposal.aux'.

LaTeX Font Info:    Checking defaults for OML/cmm/m/it on input line 7.
LaTeX Font Info:    ... okay on input line 7.
LaTeX Font Info:    Checking defaults for T1/cmr/m/n on input line 7.
LaTeX Font Info:    ... okay on input line 7.
LaTeX Font Info:    Checking defaults for OT1/cmr/m/n on input line 7.
LaTeX Font Info:    ... okay on input line 7.
LaTeX Font Info:    Checking defaults for OMS/cmsy/m/n on input line 7.
LaTeX Font Info:    ... okay on input line 7.
LaTeX Font Info:    Checking defaults for OMX/cmex/m/n on input line 7.
LaTeX Font Info:    ... okay on input line 7.
LaTeX Font Info:    Checking defaults for U/cmr/m/n on input line 7.
LaTeX Font Info:    ... okay on input line 7.
LaTeX Font Info:    External font `cmex10' loaded for size
(Font)              <12> on input line 9.
LaTeX Font Info:    External font `cmex10' loaded for size
(Font)              <8> on input line 9.
LaTeX Font Info:    External font `cmex10' loaded for size
(Font)              <6> on input line 9.
LaTeX Font Info:    Try loading font information for OMS+cmr on input line 9.

("C:\ProgramData\Microsoft\Windows\Start Menu\Programs\MikTex2.9\tex\latex\base
\omscmr.fd"
File: omscmr.fd 2014/09/29 v2.5h Standard LaTeX font definitions
)
LaTeX Font Info:    Font shape `OMS/cmr/m/n' in size <8> not available
(Font)              Font shape `OMS/cmsy/m/n' tried instead on input line 9.
LaTeX Font Info:    External font `cmex10' loaded for size
(Font)              <5> on input line 9.
LaTeX Font Info:    Font shape `OMS/cmr/m/n' in size <6> not available
(Font)              Font shape `OMS/cmsy/m/n' tried instead on input line 9.
LaTeX Font Info:    Font shape `OMS/cmr/m/n' in size <9> not available
(Font)              Font shape `OMS/cmsy/m/n' tried instead on input line 14.
 [1

{C:/Users/mayur/AppData/Local/MiKTeX/2.9/pdftex/config/pdftex.map}] [2]
Overfull \hbox (83.66647pt too wide) in paragraph at lines 53--56
\OT1/cmr/m/n/10 courses of-fered by the CS de-part-ment at SJSU. >>>>>>> b03c50
32f977f48c7c12f07b2297b1b68c844f20 
 []

LaTeX Font Info:    Font shape `OMS/cmr/m/n' in size <10> not available
(Font)              Font shape `OMS/cmsy/m/n' tried instead on input line 71.
[3] (Proposal.bbl) [4] (Proposal.aux) ) 
Here is how much of TeX's memory you used:
 267 strings out of 493323
 3142 string characters out of 3123981
 60648 words of memory out of 3000000
 3872 multiletter control sequences out of 15000+200000
 8795 words of font info for 31 fonts, out of 3000000 for 9000
 1141 hyphenation exceptions out of 8191
 28i,11n,20p,1125b,320s stack positions out of 5000i,500n,10000p,200000b,50000s
<C:/ProgramData/Microsoft/Windows/Start 
Menu/Programs/MikTex2.9/fonts/type1/public/amsfonts/cm/cmbx12.pfb><C:/ProgramDa
ta/Microsoft/Windows/Start Menu/Programs/MikTex2.9/fonts/type1/public/amsfonts/
cm/cmbx9.pfb><C:/ProgramData/Microsoft/Windows/Start Menu/Programs/MikTex2.9/fo
nts/type1/public/amsfonts/cm/cmr10.pfb><C:/ProgramData/Microsoft/Windows/Start 
Menu/Programs/MikTex2.9/fonts/type1/public/amsfonts/cm/cmr12.pfb><C:/ProgramDat
a/Microsoft/Windows/Start Menu/Programs/MikTex2.9/fonts/type1/public/amsfonts/c
m/cmr17.pfb><C:/ProgramData/Microsoft/Windows/Start Menu/Programs/MikTex2.9/fon
ts/type1/public/amsfonts/cm/cmr8.pfb><C:/ProgramData/Microsoft/Windows/Start Me
nu/Programs/MikTex2.9/fonts/type1/public/amsfonts/cm/cmr9.pfb><C:/ProgramData/M
icrosoft/Windows/Start Menu/Programs/MikTex2.9/fonts/type1/public/amsfonts/cm/c
msy10.pfb><C:/ProgramData/Microsoft/Windows/Start Menu/Programs/MikTex2.9/fonts
/type1/public/amsfonts/cm/cmsy6.pfb><C:/ProgramData/Microsoft/Windows/Start Men
u/Programs/MikTex2.9/fonts/type1/public/amsfonts/cm/cmsy8.pfb><C:/ProgramData/M
icrosoft/Windows/Start Menu/Programs/MikTex2.9/fonts/type1/public/amsfonts/cm/c
msy9.pfb><C:/ProgramData/Microsoft/Windows/Start Menu/Programs/MikTex2.9/fonts/
type1/public/amsfonts/cm/cmti10.pfb>
Output written on Proposal.pdf (4 pages, 154704 bytes).
PDF statistics:
 63 PDF objects out of 1000 (max. 8388607)
 0 named destinations out of 1000 (max. 500000)
 1 words of extra memory for PDF output out of 10000 (max. 10000000)

